\BOOKMARK [0][-]{chapter*.1}{Forord}{}% 1
\BOOKMARK [0][-]{chapter.1}{Introduktion}{}% 2
\BOOKMARK [1][-]{section.1.1}{\040Naturvidenskabelige\040studieretninger}{chapter.1}% 3
\BOOKMARK [2][-]{subsection.1.1.1}{\0402.bm}{section.1.1}% 4
\BOOKMARK [2][-]{subsection.1.1.2}{\0401.m}{section.1.1}% 5
\BOOKMARK [1][-]{section.1.2}{\0402\040klasser\040-\04060\040personligheder}{chapter.1}% 6
\BOOKMARK [0][-]{chapter.2}{Problemformulering}{}% 7
\BOOKMARK [0][-]{chapter.3}{Progression\040og\040Metode\040i\040opgaven}{}% 8
\BOOKMARK [0][-]{chapter.4}{Begrebsafklaring}{}% 9
\BOOKMARK [1][-]{section.4.1}{ Læring}{chapter.4}% 10
\BOOKMARK [1][-]{section.4.2}{\0404MAT\040modellen}{chapter.4}% 11
\BOOKMARK [2][-]{subsection.4.2.1}{\040Mening\040-\040Hvorfor?}{section.4.2}% 12
\BOOKMARK [2][-]{subsection.4.2.2}{\040Koncepter\040-\040Hvad?}{section.4.2}% 13
\BOOKMARK [2][-]{subsection.4.2.3}{ Færdigheder - Hvordan?}{section.4.2}% 14
\BOOKMARK [2][-]{subsection.4.2.4}{\040Anvendelse\040-\040Hvad\040nu\040hvis?}{section.4.2}% 15
\BOOKMARK [2][-]{subsection.4.2.5}{\0404MAT\040en\040innovativ\040processtyrrings\040model}{section.4.2}% 16
\BOOKMARK [2][-]{subsection.4.2.6}{ 4MAT og læringsstile}{section.4.2}% 17
\BOOKMARK [1][-]{section.4.3}{\040Motivation}{chapter.4}% 18
\BOOKMARK [0][-]{chapter.5}{Læringsstile i klassen}{}% 19
\BOOKMARK [1][-]{section.5.1}{Elevtyper}{chapter.5}% 20
\BOOKMARK [0][-]{chapter.6}{Jungs\040Type\040Indikator}{}% 21
\BOOKMARK [0][-]{chapter.7}{Didaktisk-teoretiske overvejelser om forløbet}{}% 22
\BOOKMARK [1][-]{section.7.1}{ Forløbets teoretiske udgangspunkt}{chapter.7}% 23
\BOOKMARK [1][-]{section.7.2}{\040Den\040faglige\040progression}{chapter.7}% 24
\BOOKMARK [0][-]{chapter.8}{Analyse\040og\040diskussion\040af\040den\040faglige\040progression}{}% 25
\BOOKMARK [0][-]{chapter.9}{Evaluering af forløbet}{}% 26
\BOOKMARK [1][-]{section.9.1}{ Forløbets afvikling i 2bm}{chapter.9}% 27
\BOOKMARK [2][-]{subsection.9.1.1}{Hvordan var gennemførslen af forløbet?}{section.9.1}% 28
\BOOKMARK [2][-]{subsection.9.1.2}{Hvad kan vi så lære af forløbet?}{section.9.1}% 29
\BOOKMARK [1][-]{section.9.2}{ Forløbets afvikling i 1m}{chapter.9}% 30
\BOOKMARK [0][-]{chapter.10}{Konklusion}{}% 31
\BOOKMARK [0][-]{appendix.A}{Undervisnings forløbet Verdensbilleder}{}% 32
\BOOKMARK [1][-]{section.A.1}{ Formål:}{appendix.A}% 33
\BOOKMARK [1][-]{section.A.2}{\040Indhold:}{appendix.A}% 34
\BOOKMARK [1][-]{section.A.3}{\040Metode:}{appendix.A}% 35
\BOOKMARK [1][-]{section.A.4}{\040Materiale:}{appendix.A}% 36
\BOOKMARK [1][-]{section.A.5}{\040Evaluering:}{appendix.A}% 37
\BOOKMARK [1][-]{section.A.6}{\040Modul\040plan:}{appendix.A}% 38
\BOOKMARK [0][-]{appendix.B}{Evaluering af forløbet Verdensbilleder}{}% 39
\BOOKMARK [1][-]{section.B.1}{ Evaluering af forløbet verdensbilleder}{appendix.B}% 40
\BOOKMARK [1][-]{section.B.2}{\040Evaluering\040af\040timerne}{appendix.B}% 41
\BOOKMARK [1][-]{section.B.3}{\040Evaluering\040af\040arbejdsformerne}{appendix.B}% 42
\BOOKMARK [1][-]{section.B.4}{\040Evaluering\040af\040Klassen}{appendix.B}% 43
\BOOKMARK [1][-]{section.B.5}{\040Forbedringer}{appendix.B}% 44
